<?xml version="1.0" encoding="UTF-8"?>
<!-- Generated by org.testng.reporters.JUnitXMLReporter -->
<testsuite ignored="2" hostname="CL-NB-650" failures="0" tests="1" name="Default test" time="19.13" errors="0" timestamp="08 sep. 2021 20:16:10 GMT">
  <testcase classname="tests.CasosDePrueba" name="CP001_FlujoPostulacion_Paso2_ComunaOK" time="12.886"/>
  <testcase classname="tests.CasosDePrueba" name="CP003" time="0.0">
    <ignored/>
  </testcase> <!-- CP003 -->
  <testcase classname="tests.CasosDePrueba" name="CP002" time="0.0">
    <ignored/>
  </testcase> <!-- CP002 -->
</testsuite> <!-- Default test -->
