<?xml version="1.0" encoding="UTF-8"?>
<!-- Generated by org.testng.reporters.JUnitXMLReporter -->
<testsuite ignored="0" hostname="CL-NB-650" failures="0" tests="3" name="Pruebas regresion" time="27.599" errors="0" timestamp="09 sep. 2021 20:59:37 GMT">
  <testcase classname="tests.CasosDePrueba" name="CP001_FlujoPostulacion_Paso2_ComunaOK" time="12.895"/>
  <testcase classname="tests.CasosDePrueba" name="CP002" time="0.061"/>
  <testcase classname="tests.CasosDePrueba" name="CP003" time="0.059"/>
</testsuite> <!-- Pruebas regresion -->
