<?xml version="1.0" encoding="UTF-8"?>
<testng-results ignored="0" total="3" passed="3" failed="0" skipped="0">
  <reporter-output>
  </reporter-output>
  <suite started-at="2021-09-09T20:59:09Z" name="Suite Prueba Selenium Nro 1" finished-at="2021-09-09T20:59:37Z" duration-ms="27599">
    <groups>
    </groups>
    <test started-at="2021-09-09T20:59:09Z" name="Pruebas regresion" finished-at="2021-09-09T20:59:37Z" duration-ms="27599">
      <class name="tests.CasosDePrueba">
        <test-method is-config="true" signature="preparacion()[pri:0, instance:tests.CasosDePrueba@2cbb3d47]" started-at="2021-09-09T20:59:09Z" name="preparacion" finished-at="2021-09-09T20:59:11Z" duration-ms="1493" status="PASS">
          <reporter-output>
          </reporter-output>
        </test-method> <!-- preparacion -->
        <test-method is-config="true" signature="preparacionTests()[pri:0, instance:tests.CasosDePrueba@2cbb3d47]" started-at="2021-09-09T20:59:11Z" name="preparacionTests" finished-at="2021-09-09T20:59:21Z" duration-ms="9765" status="PASS">
          <reporter-output>
          </reporter-output>
        </test-method> <!-- preparacionTests -->
        <test-method signature="CP001_FlujoPostulacion_Paso2_ComunaOK()[pri:0, instance:tests.CasosDePrueba@2cbb3d47]" started-at="2021-09-09T20:59:21Z" name="CP001_FlujoPostulacion_Paso2_ComunaOK" finished-at="2021-09-09T20:59:34Z" duration-ms="12895" status="PASS">
          <reporter-output>
          </reporter-output>
        </test-method> <!-- CP001_FlujoPostulacion_Paso2_ComunaOK -->
        <test-method is-config="true" signature="posTests()[pri:0, instance:tests.CasosDePrueba@2cbb3d47]" started-at="2021-09-09T20:59:34Z" name="posTests" finished-at="2021-09-09T20:59:34Z" duration-ms="0" status="PASS">
          <reporter-output>
          </reporter-output>
        </test-method> <!-- posTests -->
        <test-method is-config="true" signature="preparacionTests()[pri:0, instance:tests.CasosDePrueba@2cbb3d47]" started-at="2021-09-09T20:59:34Z" name="preparacionTests" finished-at="2021-09-09T20:59:36Z" duration-ms="2003" status="PASS">
          <reporter-output>
          </reporter-output>
        </test-method> <!-- preparacionTests -->
        <test-method signature="CP002()[pri:0, instance:tests.CasosDePrueba@2cbb3d47]" started-at="2021-09-09T20:59:36Z" name="CP002" finished-at="2021-09-09T20:59:36Z" duration-ms="61" status="PASS">
          <reporter-output>
          </reporter-output>
        </test-method> <!-- CP002 -->
        <test-method is-config="true" signature="posTests()[pri:0, instance:tests.CasosDePrueba@2cbb3d47]" started-at="2021-09-09T20:59:36Z" name="posTests" finished-at="2021-09-09T20:59:36Z" duration-ms="1" status="PASS">
          <reporter-output>
          </reporter-output>
        </test-method> <!-- posTests -->
        <test-method is-config="true" signature="preparacionTests()[pri:0, instance:tests.CasosDePrueba@2cbb3d47]" started-at="2021-09-09T20:59:36Z" name="preparacionTests" finished-at="2021-09-09T20:59:37Z" duration-ms="1284" status="PASS">
          <reporter-output>
          </reporter-output>
        </test-method> <!-- preparacionTests -->
        <test-method signature="CP003()[pri:0, instance:tests.CasosDePrueba@2cbb3d47]" started-at="2021-09-09T20:59:37Z" name="CP003" finished-at="2021-09-09T20:59:37Z" duration-ms="59" status="PASS">
          <reporter-output>
          </reporter-output>
        </test-method> <!-- CP003 -->
        <test-method is-config="true" signature="posTests()[pri:0, instance:tests.CasosDePrueba@2cbb3d47]" started-at="2021-09-09T20:59:37Z" name="posTests" finished-at="2021-09-09T20:59:37Z" duration-ms="0" status="PASS">
          <reporter-output>
          </reporter-output>
        </test-method> <!-- posTests -->
      </class> <!-- tests.CasosDePrueba -->
    </test> <!-- Pruebas regresion -->
  </suite> <!-- Suite Prueba Selenium Nro 1 -->
</testng-results>
